Resolved "preview" environment for the build. Learn more: https://docs.expo.dev/eas/environment-variables/#setting-the-environment-for-your-builds
No environment variables with visibility "Plain text" and "Sensitive" found for the "preview" environment on EAS.
Environment variables loaded from the "preview" build profile "env" configuration: EXPO_PUBLIC_API_BASE_URL.



‚úĒ Using remote Android credentials (Expo server)
‚úĒ Using Keystore from configuration: Build Credentials _t417IWUi9 (default)

Compressing project files and uploading to EAS Build. Learn more: https://expo.fyi/eas-build-archive
- Compressing project files
- Uploading to EAS Build (0 / 2.1 MB)
‚úĒ Uploaded to EAS 3s
- Computing project fingerprint
‚ĆõÔłŹ Computing the project fingerprint is taking longer than expected...
‚Ź© To skip this step, set the environment variable: EAS_SKIP_AUTO_FINGERPRINT=1
‚úĒ Computed project fingerprint

See logs: https://expo.dev/accounts/nyamawi/projects/shuleoneparents/builds/a3d9e166-ef6e-44f0-b421-d1f5d51168f4

Waiting for build to complete. You can press Ctrl+C to exit.
- Waiting for build to complete.
‚úĒ Build finished

  ‚ĖĄ‚ĖĄ‚ĖĄ‚ĖĄ‚ĖĄ‚ĖĄ‚ĖĄ‚ĖĄ‚ĖĄ‚ĖĄ‚ĖĄ‚ĖĄ‚ĖĄ‚ĖĄ‚ĖĄ‚ĖĄ‚ĖĄ‚ĖĄ‚ĖĄ‚ĖĄ‚ĖĄ‚ĖĄ‚ĖĄ‚ĖĄ‚ĖĄ‚ĖĄ‚ĖĄ‚ĖĄ‚ĖĄ‚ĖĄ‚ĖĄ‚ĖĄ‚ĖĄ‚ĖĄ‚ĖĄ‚ĖĄ‚ĖĄ‚ĖĄ‚ĖĄ
  ‚Ėą ‚ĖĄ‚ĖĄ‚ĖĄ‚ĖĄ‚ĖĄ ‚Ėą‚ĖĄ‚ĖÄ ‚ĖÄ ‚Ėą‚ĖĄ‚Ėą‚Ėą‚ĖÄ ‚ĖĄ‚ĖĄ‚ĖĄ‚ĖÄ ‚Ėą‚ĖĄ‚ĖÄ‚Ėą ‚Ėą ‚ĖĄ‚ĖĄ‚ĖĄ‚ĖĄ‚ĖĄ ‚Ėą
  ‚Ėą ‚Ėą   ‚Ėą ‚Ėą   ‚Ėą‚ĖÄ ‚Ėą ‚ĖĄ‚ĖÄ‚ĖÄ‚Ėą‚ĖÄ‚Ėą‚ĖÄ   ‚ĖĄ ‚ĖÄ‚Ėą ‚Ėą   ‚Ėą ‚Ėą
  ‚Ėą ‚Ėą‚ĖĄ‚ĖĄ‚ĖĄ‚Ėą ‚Ėą‚ĖĄ‚Ėą‚ĖÄ ‚ĖĄ‚Ėą‚Ėą‚ĖĄ‚ĖĄ‚Ėą‚ĖĄ  ‚Ėą ‚Ėą ‚ĖĄ ‚ĖĄ‚ĖĄ‚Ėą ‚Ėą‚ĖĄ‚ĖĄ‚ĖĄ‚Ėą ‚Ėą
  ‚Ėą‚ĖĄ‚ĖĄ‚ĖĄ‚ĖĄ‚ĖĄ‚ĖĄ‚ĖĄ‚Ėą‚ĖĄ‚Ėą ‚Ėą ‚Ėą ‚Ėą ‚ĖÄ ‚Ėą ‚Ėą‚ĖĄ‚Ėą ‚Ėą‚ĖĄ‚Ėą‚ĖĄ‚Ėą‚ĖĄ‚ĖĄ‚ĖĄ‚ĖĄ‚ĖĄ‚ĖĄ‚ĖĄ‚Ėą
  ‚Ėą  ‚ĖĄ‚ĖĄ‚Ėą‚Ėą‚ĖĄ‚Ėą‚ĖĄ‚Ėą ‚ĖĄ‚ĖÄ‚Ėą‚ĖÄ‚ĖĄ‚ĖĄ‚ĖĄ  ‚ĖÄ ‚Ėą ‚Ėą‚Ėą ‚Ėą ‚ĖĄ‚Ėą‚ĖÄ‚ĖĄ  ‚ĖÄ‚ĖĄ‚Ėą
  ‚Ėą ‚Ėą‚ĖÄ‚Ėą‚ĖÄ ‚ĖĄ‚ĖĄ ‚Ėą‚ĖÄ‚ĖĄ‚ĖÄ‚ĖÄ ‚Ėą‚ĖÄ‚ĖĄ ‚Ėą‚ĖÄ‚Ėą‚Ėą‚ĖĄ ‚ĖÄ‚ĖĄ‚Ėą‚ĖĄ ‚ĖÄ ‚ĖĄ‚Ėą  ‚ĖÄ‚Ėą
  ‚Ėą‚ĖĄ‚ĖÄ‚ĖĄ‚ĖĄ‚ĖÄ‚ĖÄ‚ĖĄ‚ĖÄ‚ĖÄ‚ĖÄ‚ĖĄ‚Ėą‚Ėą ‚ĖÄ ‚ĖĄ   ‚ĖÄ‚Ėą ‚Ėą ‚ĖĄ‚ĖĄ‚ĖÄ‚ĖÄ  ‚ĖÄ   ‚Ėą ‚Ėą
  ‚Ėą‚ĖĄ ‚ĖÄ‚ĖĄ‚ĖÄ‚Ėą‚ĖĄ‚ĖĄ ‚Ėą‚ĖÄ‚ĖÄ‚Ėą‚ĖĄ ‚Ėą ‚Ėą‚Ėą ‚ĖĄ ‚ĖĄ‚Ėą‚Ėą‚Ėą‚Ėą‚ĖÄ‚Ėą‚ĖÄ‚Ėą‚ĖÄ  ‚Ėą‚ĖĄ‚ĖÄ‚Ėą
  ‚Ėą ‚ĖĄ‚ĖÄ‚Ėą‚ĖÄ‚ĖÄ‚ĖĄ‚ĖĄ ‚ĖÄ  ‚ĖÄ ‚Ėą‚ĖÄ‚Ėą‚Ėą‚ĖÄ‚Ėą‚ĖÄ‚ĖĄ ‚ĖÄ‚ĖÄ‚ĖĄ‚Ėą‚ĖÄ‚Ėą‚Ėą‚ĖÄ‚ĖÄ‚Ėą‚ĖÄ‚ĖĄ ‚ĖÄ‚Ėą
  ‚Ėą‚Ėą‚ĖĄ‚ĖĄ‚ĖÄ‚ĖĄ‚ĖĄ‚ĖĄ‚Ėą‚Ėą‚ĖĄ‚ĖĄ‚ĖÄ‚ĖĄ‚Ėą ‚ĖĄ‚ĖÄ ‚Ėą‚Ėą‚Ėą‚ĖĄ ‚ĖÄ‚ĖÄ‚ĖĄ‚ĖĄ‚ĖĄ‚ĖĄ‚ĖĄ‚ĖÄ‚ĖÄ ‚ĖÄ‚ĖĄ ‚ĖĄ‚Ėą
  ‚Ėą ‚ĖĄ‚ĖÄ‚ĖÄ‚Ėą ‚ĖĄ‚ĖÄ‚ĖĄ‚ĖĄ‚Ėą  ‚Ėą‚ĖÄ‚Ėą‚Ėą‚ĖĄ‚Ėą ‚ĖÄ‚ĖĄ‚Ėą‚ĖÄ‚ĖĄ‚ĖÄ‚ĖĄ‚ĖĄ‚ĖÄ ‚Ėą‚ĖÄ‚ĖĄ‚Ėą‚Ėą ‚Ėą‚Ėą
  ‚Ėą‚ĖĄ‚ĖĄ‚ĖÄ‚ĖÄ‚ĖĄ‚ĖĄ‚ĖĄ  ‚Ėą‚ĖÄ ‚ĖÄ‚ĖÄ ‚Ėą‚Ėą‚Ėą‚ĖĄ‚ĖÄ ‚ĖĄ ‚ĖĄ‚Ėą ‚ĖĄ‚ĖÄ‚Ėą‚ĖÄ‚Ėą‚ĖĄ‚ĖĄ ‚ĖÄ‚Ėą‚Ėą‚Ėą
  ‚Ėą‚ĖĄ‚Ėą‚ĖÄ‚ĖĄ ‚Ėą‚ĖĄ‚ĖĄ‚ĖÄ ‚Ėą‚Ėą‚Ėą‚ĖĄ  ‚ĖĄ‚ĖĄ‚ĖĄ ‚Ėą‚Ėą ‚ĖĄ ‚ĖĄ ‚ĖÄ‚ĖÄ  ‚ĖÄ ‚Ėą ‚ĖĄ ‚Ėą
  ‚Ėą‚ĖÄ‚ĖĄ ‚ĖÄ‚Ėą ‚ĖĄ‚ĖĄ‚Ėą‚ĖÄ ‚Ėą ‚Ėą‚ĖĄ‚ĖÄ‚ĖÄ‚Ėą‚ĖĄ‚ĖĄ‚ĖĄ‚ĖÄ‚Ėą‚ĖÄ ‚ĖĄ ‚Ėą‚ĖÄ‚ĖĄ‚ĖĄ ‚Ėą‚Ėą‚ĖĄ‚ĖĄ‚ĖÄ‚Ėą
  ‚Ėą‚Ėą‚Ėą‚Ėą‚Ėą‚Ėą‚ĖĄ‚ĖĄ‚ĖĄ‚ĖÄ‚Ėą  ‚ĖĄ   ‚ĖÄ‚Ėą‚ĖĄ‚ĖĄ ‚ĖĄ‚ĖĄ   ‚Ėą‚ĖĄ ‚ĖĄ‚ĖĄ‚ĖĄ ‚ĖĄ ‚ĖĄ ‚Ėą
  ‚Ėą ‚ĖĄ‚ĖĄ‚ĖĄ‚ĖĄ‚ĖĄ ‚Ėą‚Ėą‚ĖÄ‚ĖÄ‚ĖÄ‚Ėą‚Ėą‚ĖĄ‚ĖĄ ‚ĖÄ‚ĖÄ‚Ėą‚ĖĄ‚Ėą‚ĖÄ‚Ėą‚ĖÄ‚ĖĄ‚Ėą‚Ėą ‚Ėą‚ĖĄ‚Ėą  ‚Ėą  ‚Ėą
  ‚Ėą ‚Ėą   ‚Ėą ‚Ėą‚ĖÄ‚Ėą‚ĖÄ‚ĖÄ ‚Ėą‚ĖĄ‚Ėą ‚ĖĄ   ‚ĖĄ‚ĖĄ ‚ĖÄ‚Ėą ‚Ėą   ‚ĖĄ ‚Ėą‚ĖÄ‚ĖĄ‚Ėą‚Ėą
  ‚Ėą ‚Ėą‚ĖĄ‚ĖĄ‚ĖĄ‚Ėą ‚Ėą ‚Ėą ‚ĖĄ ‚ĖÄ‚Ėą‚ĖÄ‚Ėą‚Ėą‚ĖĄ‚Ėą‚ĖĄ‚ĖĄ‚ĖĄ ‚ĖĄ‚ĖÄ‚Ėą‚ĖÄ‚Ėą‚ĖÄ‚ĖĄ  ‚ĖĄ ‚Ėą‚Ėą‚Ėą
  ‚Ėą‚ĖĄ‚ĖĄ‚ĖĄ‚ĖĄ‚ĖĄ‚ĖĄ‚ĖĄ‚Ėą‚ĖĄ‚Ėą‚ĖĄ‚Ėą‚Ėą‚ĖĄ‚Ėą‚ĖĄ‚ĖĄ‚ĖĄ‚ĖĄ‚Ėą‚Ėą‚Ėą‚ĖĄ‚Ėą‚Ėą‚ĖĄ‚ĖĄ‚Ėą‚Ėą‚Ėą‚ĖĄ‚ĖĄ‚ĖĄ‚ĖĄ‚ĖĄ‚ĖĄ‚ĖĄ‚Ėą


ūü§Ė Open this link on your Android devices (or scan the QR code) to install the app:
https://expo.dev/accounts/nyamawi/projects/shuleoneparents/builds/a3d9e166-ef6e-44f0-b421-d1f5d51168f4
